[03:30:09] [main/INFO] (FabricLoader/GameProvider) Loading Minecraft 1.18.1 with Fabric Loader 0.12.12
[03:30:09] [main/INFO] (FabricLoader) Loading 51 mods:
	- fabric 0.44.0+1.18
	- fabric-api-base 0.4.1+b4f4f6cdc8
	- fabric-api-lookup-api-v1 1.4.0+16d92c47c8
	- fabric-biome-api-v1 6.0.1+ded849a9c8
	- fabric-blockrenderlayer-v1 1.1.9+3ac43d95c8
	- fabric-command-api-v1 1.1.6+3ac43d95c8
	- fabric-commands-v0 0.2.5+b4f4f6cdc8
	- fabric-containers-v0 0.1.18+d154e2c6c8
	- fabric-content-registries-v0 0.4.5+6f53a73dc8
	- fabric-crash-report-info-v1 0.1.8+3ac43d95c8
	- fabric-data-generation-api-v1 1.0.0+3fec4ad9c8
	- fabric-dimensions-v1 2.1.7+43d29571c8
	- fabric-entity-events-v1 1.4.5+6b21378ac8
	- fabric-events-interaction-v0 0.4.16+bfa23f17c8
	- fabric-events-lifecycle-v0 0.2.6+b4f4f6cdc8
	- fabric-game-rule-api-v1 1.0.10+3ac43d95c8
	- fabric-gametest-api-v1 1.0.5+03d159cfc8
	- fabric-item-api-v1 1.3.0+691a79b5c8
	- fabric-item-groups-v0 0.3.3+3ac43d95c8
	- fabric-key-binding-api-v1 1.0.8+c8aba2f3c8
	- fabric-keybindings-v0 0.2.6+b4f4f6cdc8
	- fabric-lifecycle-events-v1 1.4.10+c15ca335c8
	- fabric-loot-tables-v1 1.0.8+3ac43d95c8
	- fabric-mining-level-api-v1 1.0.3+3ac43d95c8
	- fabric-mining-levels-v0 0.1.7+b4f4f6cdc8
	- fabric-models-v0 0.3.3+3ac43d95c8
	- fabric-networking-api-v1 1.0.18+3ac43d95c8
	- fabric-networking-v0 0.3.5+b4f4f6cdc8
	- fabric-object-builder-api-v1 1.11.0+3b82842ec8
	- fabric-object-builders-v0 0.7.8+3ac43d95c8
	- fabric-particles-v1 0.2.9+526dc1acc8
	- fabric-registry-sync-v0 0.8.5+3ac43d95c8
	- fabric-renderer-api-v1 0.4.9+3ac43d95c8
	- fabric-renderer-indigo 0.4.12+3ac43d95c8
	- fabric-renderer-registries-v1 3.2.7+b4f4f6cdc8
	- fabric-rendering-data-attachment-v1 0.3.4+7242e9d7c8
	- fabric-rendering-fluids-v1 0.1.18+3ac43d95c8
	- fabric-rendering-v0 1.1.9+b4f4f6cdc8
	- fabric-rendering-v1 1.10.3+6b21378ac8
	- fabric-resource-loader-v0 0.4.11+3ac43d95c8
	- fabric-screen-api-v1 1.0.7+3ac43d95c8
	- fabric-screen-handler-api-v1 1.1.11+3ac43d95c8
	- fabric-structure-api-v1 2.0.8+295197a7c8
	- fabric-tag-extensions-v0 1.2.5+3ac43d95c8
	- fabric-textures-v0 1.0.9+3ac43d95c8
	- fabric-tool-attribute-api-v1 1.3.4+7de09f55c8
	- fabric-transfer-api-v1 1.5.5+b4f4f6cdc8
	- fabricloader 0.12.12
	- gamesense ${version}
	- java 17
	- minecraft 1.18.1
[03:30:09] [main/WARN] (FabricLoader/Metadata) Mod `gamesense` (${version}) does not respect SemVer - comparison support is limited.
[03:30:10] [main/INFO] (FabricLoader/Mixin) SpongePowered MIXIN Subsystem Version=0.8.4 Source=file:/Users/dan/.gradle/caches/modules-2/files-2.1/net.fabricmc/sponge-mixin/0.10.7+mixin.0.8.4/7a4ca9d54d9ae564dea0363d668036a8420ed9b8/sponge-mixin-0.10.7+mixin.0.8.4.jar Service=Knot/Fabric Env=CLIENT
[03:30:10] [main/INFO] (FabricLoader/Mixin) Loaded Fabric development mappings for mixin remapper!
[03:30:11] [main/INFO] (FabricLoader/Mixin) Compatibility level set to JAVA_16
[03:30:19] [main/WARN] (FabricLoader/Mixin) @Inject(@At("INVOKE")) Shift.BY=3 on fabric-lifecycle-events-v1.mixins.json:client.WorldChunkMixin::handler$zej000$onLoadBlockEntity exceeds the maximum allowed value: 0. Increase the value of maxShiftBy to suppress this warning.
[03:30:23] [Render thread/INFO] (Minecraft) Environment: authHost='https://authserver.mojang.com', accountsHost='https://api.mojang.com', sessionHost='https://sessionserver.mojang.com', servicesHost='https://api.minecraftservices.com', name='PROD'
[03:30:25] [Render thread/ERROR] (Minecraft) Failed to verify authentication
com.mojang.authlib.exceptions.InvalidCredentialsException: Status: 401
	at com.mojang.authlib.exceptions.MinecraftClientHttpException.toAuthenticationException(MinecraftClientHttpException.java:56) ~[authlib-3.2.38.jar:?]
	at com.mojang.authlib.yggdrasil.YggdrasilUserApiService.fetchProperties(YggdrasilUserApiService.java:132) ~[authlib-3.2.38.jar:?]
	at com.mojang.authlib.yggdrasil.YggdrasilUserApiService.<init>(YggdrasilUserApiService.java:44) ~[authlib-3.2.38.jar:?]
	at com.mojang.authlib.yggdrasil.YggdrasilAuthenticationService.createUserApiService(YggdrasilAuthenticationService.java:153) ~[authlib-3.2.38.jar:?]
	at net.minecraft.client.MinecraftClient.createUserApiService(MinecraftClient.java:670) [minecraft-project-@-mapped.jar:?]
	at net.minecraft.client.MinecraftClient.<init>(MinecraftClient.java:424) [minecraft-project-@-mapped.jar:?]
	at net.minecraft.client.main.Main.main(Main.java:199) [minecraft-project-@-mapped.jar:?]
	at jdk.internal.reflect.NativeMethodAccessorImpl.invoke0(Native Method) ~[?:?]
	at jdk.internal.reflect.NativeMethodAccessorImpl.invoke(NativeMethodAccessorImpl.java:77) ~[?:?]
	at jdk.internal.reflect.DelegatingMethodAccessorImpl.invoke(DelegatingMethodAccessorImpl.java:43) ~[?:?]
	at java.lang.reflect.Method.invoke(Method.java:568) ~[?:?]
	at net.fabricmc.loader.impl.game.minecraft.MinecraftGameProvider.launch(MinecraftGameProvider.java:608) [fabric-loader-0.12.12.jar:?]
	at net.fabricmc.loader.impl.launch.knot.Knot.launch(Knot.java:77) [fabric-loader-0.12.12.jar:?]
	at net.fabricmc.loader.impl.launch.knot.KnotClient.main(KnotClient.java:23) [fabric-loader-0.12.12.jar:?]
	at net.fabricmc.devlaunchinjector.Main.main(Main.java:86) [dev-launch-injector-0.2.1+build.8.jar:?]
Caused by: com.mojang.authlib.exceptions.MinecraftClientHttpException: Status: 401
	at com.mojang.authlib.minecraft.client.MinecraftClient.readInputStream(MinecraftClient.java:78) ~[authlib-3.2.38.jar:?]
	at com.mojang.authlib.minecraft.client.MinecraftClient.get(MinecraftClient.java:48) ~[authlib-3.2.38.jar:?]
	at com.mojang.authlib.yggdrasil.YggdrasilUserApiService.fetchProperties(YggdrasilUserApiService.java:113) ~[authlib-3.2.38.jar:?]
	... 13 more
[03:30:25] [Render thread/INFO] (Minecraft) Setting user: Player991
[03:30:25] [Render thread/INFO] (modid) Hello Fabric world!
[03:30:25] [Render thread/INFO] (modid) 127.0.0.1:49823
[03:30:25] [Render thread/INFO] (modid) 200
[03:30:25] [Render thread/INFO] (modid) 200
[03:30:25] [Timer-1/INFO] (modid) 200
[03:30:26] [Render thread/INFO] (Indigo) [Indigo] Registering Indigo renderer!
[03:30:27] [Render thread/INFO] (Minecraft) Backend library: LWJGL version 3.2.1 build 12
[03:30:31] [Render thread/INFO] (Minecraft) Reloading ResourceManager: Default, Fabric Mods (Fabric Rendering (v1), Fabric Data Generation API (v1), Fabric Renderer Registries (v1), Fabric Dimensions API (v1), Gamesense Fabric, Fabric Rendering Fluids (v1), Fabric Loader, Fabric Mining Level API (v1), Fabric Screen Handler API (v1), Fabric Resource Loader (v0), Fabric Object Builder API (v1), Fabric Content Registries (v0), Fabric Game Rule API (v1), Fabric Item API (v1), Fabric Events Interaction (v0), Fabric Renderer - Indigo, Fabric BlockRenderLayer Registration (v1), Fabric Commands (v0), Fabric Renderer API (v1), Fabric Transfer API (v1), Fabric Rendering (v0), Fabric Lifecycle Events (v1), Fabric Networking (v0), Fabric Command API (v1), Fabric Loot Tables (v1), Fabric Textures (v0), Fabric Networking API (v1), Fabric API Base, Fabric Game Test API (v1), Fabric Crash Report Info (v1), Fabric API Lookup API (v1), Fabric Tag Extensions (v0), Fabric Events Lifecycle (v0), Fabric Key Binding API (v1), Fabric Tool Attribute API (v1), Fabric Containers (v0), Fabric Models (v0), Fabric Screen API (v1), Fabric Particles (v1), Fabric Mining Levels (v0), Fabric Rendering Data Attachment (v1), Fabric API, Fabric Item Groups (v0), Fabric Structure API (v1), Fabric Key Bindings (v0), Fabric Entity Events (v1), Fabric Object Builders (v0), Fabric Biome API (v1), Fabric Registry Sync (v0))
[03:30:31] [Render thread/INFO] (modid) This line is printed by an example mod mixin!
[03:30:32] [Realms Notification Availability checker #1/INFO] (Minecraft) Could not authorize you against Realms server: Invalid session id
[03:30:39] [Timer-1/INFO] (modid) 200
[03:30:40] [Render thread/INFO] (Minecraft) OpenAL initialized on device CoreAudio Default
[03:30:40] [Render thread/INFO] (Minecraft) Sound engine started
[03:30:40] [Render thread/INFO] (Minecraft) Created: 1024x1024x4 minecraft:textures/atlas/blocks.png-atlas
[03:30:40] [Render thread/INFO] (Minecraft) Created: 256x128x4 minecraft:textures/atlas/signs.png-atlas
[03:30:40] [Render thread/INFO] (Minecraft) Created: 1024x512x4 minecraft:textures/atlas/banner_patterns.png-atlas
[03:30:40] [Render thread/INFO] (Minecraft) Created: 1024x512x4 minecraft:textures/atlas/shield_patterns.png-atlas
[03:30:40] [Render thread/INFO] (Minecraft) Created: 256x256x4 minecraft:textures/atlas/chest.png-atlas
[03:30:40] [Render thread/INFO] (Minecraft) Created: 512x256x4 minecraft:textures/atlas/beds.png-atlas
[03:30:40] [Render thread/INFO] (Minecraft) Created: 512x256x4 minecraft:textures/atlas/shulker_boxes.png-atlas
[03:30:43] [Render thread/INFO] (Minecraft) Created: 256x256x0 minecraft:textures/atlas/particles.png-atlas
[03:30:43] [Render thread/INFO] (Minecraft) Created: 256x256x0 minecraft:textures/atlas/paintings.png-atlas
[03:30:43] [Render thread/INFO] (Minecraft) Created: 256x128x0 minecraft:textures/atlas/mob_effects.png-atlas
[03:30:43] [Render thread/INFO] (modid) This line is printed by an example mod mixin!
[03:30:53] [Timer-1/INFO] (modid) 200
[03:30:54] [Render thread/WARN] (Minecraft) Ambiguity between arguments [teleport, location] and [teleport, destination] with inputs: [0.1 -0.5 .9, 0 0 0]
[03:30:54] [Render thread/WARN] (Minecraft) Ambiguity between arguments [teleport, location] and [teleport, targets] with inputs: [0.1 -0.5 .9, 0 0 0]
[03:30:54] [Render thread/WARN] (Minecraft) Ambiguity between arguments [teleport, destination] and [teleport, targets] with inputs: [Player, 0123, @e, dd12be42-52a9-4a91-a8a1-11c01849e498]
[03:30:54] [Render thread/WARN] (Minecraft) Ambiguity between arguments [teleport, targets] and [teleport, destination] with inputs: [Player, 0123, dd12be42-52a9-4a91-a8a1-11c01849e498]
[03:30:54] [Render thread/WARN] (Minecraft) Ambiguity between arguments [teleport, targets, location] and [teleport, targets, destination] with inputs: [0.1 -0.5 .9, 0 0 0]
[03:30:54] [Render thread/INFO] (Minecraft) Reloading ResourceManager: Default, Fabric Mods (Fabric Game Test API (v1), Fabric Tool Attribute API (v1))
[03:30:55] [Render thread/INFO] (Minecraft) Loaded 7 recipes
[03:30:56] [Render thread/INFO] (Minecraft) Loaded 1141 advancements
[03:30:56] [Render thread/INFO] (BiomeModificationImpl) Applied 0 biome modifications to 0 of 61 new biomes in 3.206 ms
[03:31:00] [Render thread/INFO] (Minecraft) Environment: authHost='https://authserver.mojang.com', accountsHost='https://api.mojang.com', sessionHost='https://sessionserver.mojang.com', servicesHost='https://api.minecraftservices.com', name='PROD'
[03:31:00] [Server thread/INFO] (Minecraft) Starting integrated minecraft server version 1.18.1
[03:31:00] [Server thread/INFO] (Minecraft) Generating keypair
[03:31:01] [Server thread/INFO] (Minecraft) Preparing start region for dimension minecraft:overworld
[03:31:06] [Render thread/INFO] (Minecraft) Preparing spawn area: 0%
[03:31:06] [Render thread/INFO] (Minecraft) Preparing spawn area: 0%
[03:31:06] [Render thread/INFO] (Minecraft) Preparing spawn area: 0%
[03:31:06] [Render thread/INFO] (Minecraft) Preparing spawn area: 0%
[03:31:06] [Render thread/INFO] (Minecraft) Preparing spawn area: 0%
[03:31:06] [Render thread/INFO] (Minecraft) Preparing spawn area: 0%
[03:31:06] [Render thread/INFO] (Minecraft) Preparing spawn area: 0%
[03:31:06] [Render thread/INFO] (Minecraft) Preparing spawn area: 0%
[03:31:07] [Render thread/INFO] (Minecraft) Preparing spawn area: 0%
[03:31:07] [Render thread/INFO] (Minecraft) Preparing spawn area: 0%
[03:31:07] [Render thread/INFO] (Minecraft) Preparing spawn area: 0%
[03:31:07] [Render thread/INFO] (Minecraft) Preparing spawn area: 0%
[03:31:07] [Render thread/INFO] (Minecraft) Preparing spawn area: 0%
[03:31:07] [Timer-1/INFO] (modid) 200
[03:31:08] [Render thread/INFO] (Minecraft) Preparing spawn area: 0%
[03:31:08] [Render thread/INFO] (Minecraft) Preparing spawn area: 0%
[03:31:09] [Render thread/INFO] (Minecraft) Preparing spawn area: 0%
[03:31:09] [Render thread/INFO] (Minecraft) Preparing spawn area: 0%
[03:31:10] [Render thread/INFO] (Minecraft) Preparing spawn area: 0%
[03:31:10] [Render thread/INFO] (Minecraft) Preparing spawn area: 0%
[03:31:11] [Render thread/INFO] (Minecraft) Preparing spawn area: 0%
[03:31:11] [Render thread/INFO] (Minecraft) Preparing spawn area: 0%
[03:31:12] [Render thread/INFO] (Minecraft) Preparing spawn area: 0%
[03:31:12] [Render thread/INFO] (Minecraft) Preparing spawn area: 0%
[03:31:13] [Render thread/INFO] (Minecraft) Preparing spawn area: 0%
[03:31:21] [Timer-1/INFO] (modid) 200
[03:31:33] [Render thread/INFO] (Minecraft) Preparing spawn area: 0%
[03:31:33] [Render thread/INFO] (Minecraft) Preparing spawn area: 0%
[03:31:33] [Render thread/INFO] (Minecraft) Preparing spawn area: 0%
[03:31:33] [Render thread/INFO] (Minecraft) Preparing spawn area: 0%
[03:31:33] [Render thread/INFO] (Minecraft) Preparing spawn area: 0%
[03:31:33] [Render thread/INFO] (Minecraft) Preparing spawn area: 0%
[03:31:33] [Render thread/INFO] (Minecraft) Preparing spawn area: 0%
[03:31:33] [Render thread/INFO] (Minecraft) Preparing spawn area: 0%
[03:31:33] [Render thread/INFO] (Minecraft) Preparing spawn area: 0%
[03:31:33] [Render thread/INFO] (Minecraft) Preparing spawn area: 0%
[03:31:33] [Render thread/INFO] (Minecraft) Preparing spawn area: 0%
[03:31:33] [Render thread/INFO] (Minecraft) Preparing spawn area: 0%
[03:31:33] [Render thread/INFO] (Minecraft) Preparing spawn area: 0%
[03:31:33] [Render thread/INFO] (Minecraft) Preparing spawn area: 0%
[03:31:33] [Render thread/INFO] (Minecraft) Preparing spawn area: 0%
[03:31:33] [Render thread/INFO] (Minecraft) Preparing spawn area: 0%
[03:31:33] [Render thread/INFO] (Minecraft) Preparing spawn area: 0%
[03:31:33] [Render thread/INFO] (Minecraft) Preparing spawn area: 0%
[03:31:33] [Render thread/INFO] (Minecraft) Preparing spawn area: 0%
[03:31:33] [Render thread/INFO] (Minecraft) Preparing spawn area: 0%
[03:31:33] [Render thread/INFO] (Minecraft) Preparing spawn area: 0%
[03:31:33] [Render thread/INFO] (Minecraft) Preparing spawn area: 0%
[03:31:33] [Render thread/INFO] (Minecraft) Preparing spawn area: 0%
[03:31:33] [Render thread/INFO] (Minecraft) Preparing spawn area: 0%
[03:31:33] [Render thread/INFO] (Minecraft) Preparing spawn area: 0%
[03:31:33] [Render thread/INFO] (Minecraft) Preparing spawn area: 0%
[03:31:33] [Render thread/INFO] (Minecraft) Preparing spawn area: 0%
[03:31:33] [Render thread/INFO] (Minecraft) Preparing spawn area: 0%
[03:31:33] [Render thread/INFO] (Minecraft) Preparing spawn area: 0%
[03:31:33] [Render thread/INFO] (Minecraft) Preparing spawn area: 0%
[03:31:33] [Render thread/INFO] (Minecraft) Preparing spawn area: 0%
[03:31:33] [Render thread/INFO] (Minecraft) Preparing spawn area: 0%
[03:31:33] [Render thread/INFO] (Minecraft) Preparing spawn area: 0%
[03:31:33] [Render thread/INFO] (Minecraft) Preparing spawn area: 0%
[03:31:33] [Render thread/INFO] (Minecraft) Preparing spawn area: 0%
[03:31:33] [Render thread/INFO] (Minecraft) Preparing spawn area: 0%
[03:31:33] [Render thread/INFO] (Minecraft) Preparing spawn area: 0%
[03:31:33] [Render thread/INFO] (Minecraft) Preparing spawn area: 0%
[03:31:33] [Render thread/INFO] (Minecraft) Preparing spawn area: 0%
[03:31:33] [Render thread/INFO] (Minecraft) Preparing spawn area: 0%
[03:31:33] [Render thread/INFO] (Minecraft) Preparing spawn area: 0%
[03:31:34] [Render thread/INFO] (Minecraft) Preparing spawn area: 0%
[03:31:34] [Render thread/INFO] (Minecraft) Preparing spawn area: 0%
[03:31:35] [Render thread/INFO] (Minecraft) Preparing spawn area: 1%
[03:31:35] [Render thread/INFO] (Minecraft) Preparing spawn area: 1%
[03:31:35] [Timer-1/INFO] (modid) 200
[03:31:36] [Render thread/INFO] (Minecraft) Preparing spawn area: 3%
[03:31:36] [Render thread/INFO] (Minecraft) Preparing spawn area: 6%
[03:31:37] [Render thread/INFO] (Minecraft) Preparing spawn area: 7%
[03:31:37] [Render thread/INFO] (Minecraft) Preparing spawn area: 7%
[03:31:38] [Render thread/INFO] (Minecraft) Preparing spawn area: 11%
[03:31:38] [Render thread/INFO] (Minecraft) Preparing spawn area: 15%
[03:31:39] [Render thread/INFO] (Minecraft) Preparing spawn area: 16%
[03:31:39] [Render thread/INFO] (Minecraft) Preparing spawn area: 19%
[03:31:40] [Render thread/INFO] (Minecraft) Preparing spawn area: 21%
[03:31:40] [Render thread/INFO] (Minecraft) Preparing spawn area: 23%
[03:31:41] [Render thread/INFO] (Minecraft) Preparing spawn area: 24%
[03:31:41] [Render thread/INFO] (Minecraft) Preparing spawn area: 25%
[03:31:43] [Render thread/INFO] (Minecraft) Preparing spawn area: 30%
[03:31:43] [Render thread/INFO] (Minecraft) Preparing spawn area: 30%
[03:31:43] [Render thread/INFO] (Minecraft) Preparing spawn area: 30%
[03:31:43] [Render thread/INFO] (Minecraft) Preparing spawn area: 33%
[03:31:44] [Render thread/INFO] (Minecraft) Preparing spawn area: 38%
[03:31:44] [Render thread/INFO] (Minecraft) Preparing spawn area: 42%
[03:31:45] [Render thread/INFO] (Minecraft) Preparing spawn area: 45%
[03:31:45] [Render thread/INFO] (Minecraft) Preparing spawn area: 45%
[03:31:46] [Render thread/INFO] (Minecraft) Preparing spawn area: 49%
[03:31:46] [Render thread/INFO] (Minecraft) Preparing spawn area: 49%
[03:31:47] [Render thread/INFO] (Minecraft) Preparing spawn area: 51%
[03:31:47] [Render thread/INFO] (Minecraft) Preparing spawn area: 54%
[03:31:48] [Render thread/INFO] (Minecraft) Preparing spawn area: 59%
[03:31:48] [Render thread/INFO] (Minecraft) Preparing spawn area: 62%
[03:31:49] [Render thread/INFO] (Minecraft) Preparing spawn area: 68%
[03:31:49] [Render thread/INFO] (Minecraft) Preparing spawn area: 69%
[03:31:49] [Timer-1/INFO] (modid) 200
[03:31:50] [Render thread/INFO] (Minecraft) Preparing spawn area: 69%
[03:31:50] [Render thread/INFO] (Minecraft) Preparing spawn area: 71%
[03:31:51] [Render thread/INFO] (Minecraft) Preparing spawn area: 75%
[03:31:51] [Render thread/INFO] (Minecraft) Preparing spawn area: 79%
[03:31:52] [Render thread/INFO] (Minecraft) Preparing spawn area: 82%
[03:31:52] [Render thread/INFO] (Minecraft) Preparing spawn area: 87%
[03:31:53] [Render thread/INFO] (Minecraft) Preparing spawn area: 91%
[03:31:54] [Render thread/INFO] (Minecraft) Preparing spawn area: 94%
[03:31:54] [Render thread/INFO] (Minecraft) Preparing spawn area: 94%
[03:31:55] [Render thread/INFO] (Minecraft) Preparing spawn area: 94%
[03:31:55] [Render thread/INFO] (Minecraft) Preparing spawn area: 94%
[03:31:55] [Render thread/INFO] (Minecraft) Preparing spawn area: 94%
[03:31:56] [Render thread/INFO] (Minecraft) Preparing spawn area: 94%
[03:31:56] [Render thread/INFO] (Minecraft) Preparing spawn area: 94%
[03:31:57] [Render thread/INFO] (Minecraft) Preparing spawn area: 94%
[03:31:57] [Render thread/INFO] (Minecraft) Preparing spawn area: 94%
[03:31:58] [Render thread/INFO] (Minecraft) Preparing spawn area: 94%
[03:31:59] [Render thread/INFO] (Minecraft) Preparing spawn area: 95%
[03:31:59] [Render thread/INFO] (Minecraft) Preparing spawn area: 95%
[03:31:59] [Render thread/INFO] (Minecraft) Preparing spawn area: 95%
[03:32:00] [Render thread/INFO] (Minecraft) Preparing spawn area: 96%
[03:32:00] [Render thread/INFO] (Minecraft) Preparing spawn area: 96%
[03:32:01] [Render thread/INFO] (Minecraft) Preparing spawn area: 96%
[03:32:02] [Render thread/INFO] (Minecraft) Preparing spawn area: 97%
[03:32:02] [Render thread/INFO] (Minecraft) Preparing spawn area: 97%
[03:32:02] [Render thread/INFO] (Minecraft) Preparing spawn area: 97%
[03:32:03] [Render thread/INFO] (Minecraft) Preparing spawn area: 97%
[03:32:03] [Render thread/INFO] (Minecraft) Preparing spawn area: 97%
[03:32:03] [Timer-1/INFO] (modid) 200
[03:32:04] [Render thread/INFO] (Minecraft) Preparing spawn area: 97%
[03:32:05] [Render thread/INFO] (Minecraft) Preparing spawn area: 98%
[03:32:05] [Render thread/INFO] (Minecraft) Preparing spawn area: 98%
[03:32:05] [Render thread/INFO] (Minecraft) Preparing spawn area: 99%
[03:32:06] [Render thread/INFO] (Minecraft) Preparing spawn area: 99%
[03:32:06] [Render thread/INFO] (Minecraft) Preparing spawn area: 99%
[03:32:07] [Render thread/INFO] (Minecraft) Time elapsed: 65961 ms
[03:32:09] [Server thread/WARN] (Minecraft) Can't keep up! Is the server overloaded? Running 2340ms or 46 ticks behind
[03:32:09] [Server thread/INFO] (Minecraft) Changing view distance to 12, from 10
[03:32:09] [Server thread/INFO] (Minecraft) Changing simulation distance to 12, from 0
[03:32:12] [Server thread/INFO] (Minecraft) Player991[local:E:77f71250] logged in with entity id 276 at (41.430809709954744, 79.86256214810459, 54.79751370674655)
[03:32:12] [Server thread/INFO] (Minecraft) Player991 joined the game
[03:32:14] [Timer-2/INFO] (modid) 200
[03:32:14] [Timer-2/INFO] (modid) 200
[03:32:14] [Timer-2/INFO] (modid) 20
[03:32:15] [Render thread/INFO] (Minecraft) Loaded 0 advancements
[03:32:16] [Timer-2/INFO] (modid) 200
[03:32:16] [Timer-2/INFO] (modid) 200
[03:32:16] [Timer-2/INFO] (modid) 13
[03:32:18] [Timer-1/INFO] (modid) 200
[03:32:18] [Timer-2/INFO] (modid) 200
[03:32:18] [Timer-2/INFO] (modid) 200
[03:32:18] [Timer-2/INFO] (modid) 13
[03:32:20] [Timer-2/INFO] (modid) 200
[03:32:20] [Timer-2/INFO] (modid) 200
[03:32:20] [Timer-2/INFO] (modid) 13
[03:32:22] [Timer-2/INFO] (modid) 200
[03:32:22] [Timer-2/INFO] (modid) 200
[03:32:22] [Timer-2/INFO] (modid) 13
[03:32:24] [Timer-2/INFO] (modid) 200
[03:32:24] [Timer-2/INFO] (modid) 200
[03:32:24] [Timer-2/INFO] (modid) 13
[03:32:26] [Timer-2/INFO] (modid) 200
[03:32:26] [Timer-2/INFO] (modid) 200
[03:32:26] [Timer-2/INFO] (modid) 13
[03:32:28] [Timer-2/INFO] (modid) 200
[03:32:28] [Timer-2/INFO] (modid) 200
[03:32:28] [Timer-2/INFO] (modid) 13
[03:32:30] [Timer-2/INFO] (modid) 200
[03:32:30] [Timer-2/INFO] (modid) 200
[03:32:30] [Timer-2/INFO] (modid) 13
[03:32:32] [Timer-1/INFO] (modid) 200
[03:32:32] [Timer-2/INFO] (modid) 200
[03:32:32] [Timer-2/INFO] (modid) 200
[03:32:32] [Timer-2/INFO] (modid) 13
[03:32:34] [Timer-2/INFO] (modid) 200
[03:32:34] [Timer-2/INFO] (modid) 200
[03:32:34] [Timer-2/INFO] (modid) 13
[03:32:36] [Timer-2/INFO] (modid) 200
[03:32:36] [Timer-2/INFO] (modid) 200
[03:32:36] [Timer-2/INFO] (modid) 13
[03:32:38] [Timer-2/INFO] (modid) 200
[03:32:38] [Timer-2/INFO] (modid) 200
[03:32:38] [Timer-2/INFO] (modid) 13
[03:32:40] [Timer-2/INFO] (modid) 200
[03:32:40] [Timer-2/INFO] (modid) 200
[03:32:40] [Timer-2/INFO] (modid) 13
[03:32:42] [Timer-2/INFO] (modid) 200
[03:32:42] [Timer-2/INFO] (modid) 200
[03:32:42] [Timer-2/INFO] (modid) 13
[03:32:45] [Timer-2/INFO] (modid) 200
[03:32:45] [Timer-2/INFO] (modid) 200
[03:32:45] [Timer-2/INFO] (modid) 13
[03:32:46] [Timer-1/INFO] (modid) 200
[03:32:47] [Timer-2/INFO] (modid) 200
[03:32:47] [Timer-2/INFO] (modid) 200
[03:32:47] [Timer-2/INFO] (modid) 13
[03:32:49] [Timer-2/INFO] (modid) 200
[03:32:49] [Timer-2/INFO] (modid) 200
[03:32:49] [Timer-2/INFO] (modid) 13
[03:32:50] [Render thread/INFO] (Minecraft) [CHAT] Unknown or incomplete command, see below for error
[03:32:50] [Render thread/INFO] (Minecraft) [CHAT] /gms<--[HERE]
[03:32:51] [Timer-2/INFO] (modid) 200
[03:32:51] [Timer-2/INFO] (modid) 200
[03:32:51] [Timer-2/INFO] (modid) 13
[03:32:52] [Server thread/WARN] (Minecraft) Can't keep up! Is the server overloaded? Running 27632ms or 552 ticks behind
[03:32:52] [Server thread/INFO] (Minecraft) Saving and pausing game...
[03:32:53] [Server thread/INFO] (Minecraft) Saving chunks for level 'ServerLevel[New World]'/minecraft:overworld
[03:32:53] [Timer-2/INFO] (modid) 200
[03:32:53] [Timer-2/INFO] (modid) 200
[03:32:53] [Timer-2/INFO] (modid) 13
[03:32:55] [Timer-2/INFO] (modid) 200
[03:32:55] [Timer-2/INFO] (modid) 200
[03:32:55] [Timer-2/INFO] (modid) 13
[03:32:55] [Render thread/INFO] (Minecraft) Using default channel type
[03:32:55] [Render thread/INFO] (Minecraft) Started serving on 51431
[03:32:55] [Render thread/INFO] (Minecraft) [CHAT] Local game hosted on port 51431
[03:32:57] [Timer-2/INFO] (modid) 200
[03:32:57] [Timer-2/INFO] (modid) 200
[03:32:57] [Timer-2/INFO] (modid) 13
[03:32:59] [Timer-2/INFO] (modid) 200
[03:32:59] [Timer-2/INFO] (modid) 200
[03:32:59] [Timer-2/INFO] (modid) 13
[03:33:00] [Timer-1/INFO] (modid) 200
[03:33:01] [Timer-2/INFO] (modid) 200
[03:33:01] [Timer-2/INFO] (modid) 200
[03:33:01] [Timer-2/INFO] (modid) 13
[03:33:03] [Timer-2/INFO] (modid) 200
[03:33:03] [Timer-2/INFO] (modid) 200
[03:33:03] [Timer-2/INFO] (modid) 13
[03:33:05] [Timer-2/INFO] (modid) 200
[03:33:05] [Timer-2/INFO] (modid) 200
[03:33:05] [Timer-2/INFO] (modid) 13
[03:33:07] [Timer-2/INFO] (modid) 200
[03:33:07] [Timer-2/INFO] (modid) 200
[03:33:07] [Timer-2/INFO] (modid) 13
[03:33:09] [Timer-2/INFO] (modid) 200
[03:33:09] [Timer-2/INFO] (modid) 200
[03:33:09] [Timer-2/INFO] (modid) 13
[03:33:11] [Timer-2/INFO] (modid) 200
[03:33:11] [Timer-2/INFO] (modid) 200
[03:33:11] [Timer-2/INFO] (modid) 13
[03:33:11] [Server thread/INFO] (Minecraft) Saving chunks for level 'ServerLevel[New World]'/minecraft:the_nether
[03:33:11] [Server thread/INFO] (Minecraft) Saving chunks for level 'ServerLevel[New World]'/minecraft:the_end
[03:33:11] [Server thread/INFO] (Minecraft) [Player991: Set own game mode to Survival Mode]
[03:33:11] [Render thread/INFO] (Minecraft) [CHAT] Set own game mode to Survival Mode
[03:33:13] [Server thread/INFO] (Minecraft) <Player991> e
[03:33:13] [Timer-2/INFO] (modid) 200
[03:33:13] [Timer-2/INFO] (modid) 200
[03:33:13] [Timer-2/INFO] (modid) 13
[03:33:13] [Render thread/INFO] (Minecraft) [CHAT] <Player991> e
[03:33:14] [Timer-1/INFO] (modid) 200
[03:33:14] [Server thread/INFO] (Minecraft) Player991 fell from a high place
[03:33:14] [Render thread/INFO] (Minecraft) [CHAT] Player991 fell from a high place
[03:33:15] [Timer-2/INFO] (modid) 200
[03:33:15] [Timer-2/INFO] (modid) 200
[03:33:15] [Timer-2/INFO] (modid) 0
[03:33:17] [Timer-2/INFO] (modid) 200
[03:33:17] [Timer-2/INFO] (modid) 200
[03:33:17] [Timer-2/INFO] (modid) 0
[03:33:19] [Timer-2/INFO] (modid) 200
[03:33:19] [Timer-2/INFO] (modid) 200
[03:33:19] [Timer-2/INFO] (modid) 20
[03:33:21] [Timer-2/INFO] (modid) 200
[03:33:21] [Timer-2/INFO] (modid) 200
[03:33:21] [Timer-2/INFO] (modid) 20
[03:33:23] [Timer-2/INFO] (modid) 200
[03:33:23] [Timer-2/INFO] (modid) 200
[03:33:23] [Timer-2/INFO] (modid) 20
[03:33:25] [Timer-2/INFO] (modid) 200
[03:33:25] [Timer-2/INFO] (modid) 200
[03:33:25] [Timer-2/INFO] (modid) 20
[03:33:27] [Timer-2/INFO] (modid) 200
[03:33:27] [Timer-2/INFO] (modid) 200
[03:33:27] [Timer-2/INFO] (modid) 20
[03:33:28] [Timer-1/INFO] (modid) 200
[03:33:29] [Timer-2/INFO] (modid) 200
[03:33:29] [Timer-2/INFO] (modid) 200
[03:33:29] [Timer-2/INFO] (modid) 20
[03:33:31] [Timer-2/INFO] (modid) 200
[03:33:31] [Timer-2/INFO] (modid) 200
[03:33:31] [Timer-2/INFO] (modid) 20
[03:33:33] [Timer-2/INFO] (modid) 200
[03:33:33] [Timer-2/INFO] (modid) 200
[03:33:33] [Timer-2/INFO] (modid) 20
[03:33:35] [Timer-2/INFO] (modid) 200
[03:33:35] [Timer-2/INFO] (modid) 200
[03:33:35] [Timer-2/INFO] (modid) 20
[03:33:37] [Timer-2/INFO] (modid) 200
[03:33:37] [Timer-2/INFO] (modid) 200
[03:33:37] [Timer-2/INFO] (modid) 20
[03:33:39] [Timer-2/INFO] (modid) 200
[03:33:39] [Timer-2/INFO] (modid) 200
[03:33:39] [Timer-2/INFO] (modid) 20
[03:33:41] [Timer-2/INFO] (modid) 200
[03:33:41] [Timer-2/INFO] (modid) 200
[03:33:41] [Timer-2/INFO] (modid) 20
[03:33:42] [Timer-1/INFO] (modid) 200
[03:33:43] [Timer-2/INFO] (modid) 200
[03:33:43] [Timer-2/INFO] (modid) 200
[03:33:43] [Timer-2/INFO] (modid) 20
[03:33:45] [Timer-2/INFO] (modid) 200
[03:33:45] [Timer-2/INFO] (modid) 200
[03:33:45] [Timer-2/INFO] (modid) 20
[03:33:47] [Timer-2/INFO] (modid) 200
[03:33:47] [Timer-2/INFO] (modid) 200
[03:33:47] [Timer-2/INFO] (modid) 20
[03:33:49] [Timer-2/INFO] (modid) 200
[03:33:49] [Timer-2/INFO] (modid) 200
[03:33:49] [Timer-2/INFO] (modid) 20
[03:33:51] [Timer-2/INFO] (modid) 200
[03:33:51] [Timer-2/INFO] (modid) 200
[03:33:51] [Timer-2/INFO] (modid) 20
[03:33:53] [Timer-2/INFO] (modid) 200
[03:33:53] [Timer-2/INFO] (modid) 200
[03:33:53] [Timer-2/INFO] (modid) 20
[03:33:55] [Timer-2/INFO] (modid) 200
[03:33:55] [Timer-2/INFO] (modid) 200
[03:33:55] [Timer-2/INFO] (modid) 20
[03:33:56] [Timer-1/INFO] (modid) 200
[03:33:57] [Timer-2/INFO] (modid) 200
[03:33:57] [Timer-2/INFO] (modid) 200
[03:33:57] [Timer-2/INFO] (modid) 17
[03:33:59] [Timer-2/INFO] (modid) 200
[03:33:59] [Timer-2/INFO] (modid) 200
[03:33:59] [Timer-2/INFO] (modid) 18
[03:34:01] [Timer-2/INFO] (modid) 200
[03:34:01] [Timer-2/INFO] (modid) 200
[03:34:01] [Timer-2/INFO] (modid) 18
[03:34:02] [Server thread/WARN] (Minecraft) Can't keep up! Is the server overloaded? Running 55299ms or 1105 ticks behind
[03:34:03] [Timer-2/INFO] (modid) 200
[03:34:03] [Timer-2/INFO] (modid) 200
[03:34:03] [Timer-2/INFO] (modid) 19
[03:34:05] [Timer-2/INFO] (modid) 200
[03:34:05] [Timer-2/INFO] (modid) 200
[03:34:05] [Timer-2/INFO] (modid) 16
[03:34:07] [Timer-2/INFO] (modid) 200
[03:34:07] [Timer-2/INFO] (modid) 200
[03:34:07] [Timer-2/INFO] (modid) 14
[03:34:09] [Timer-2/INFO] (modid) 200
[03:34:09] [Timer-2/INFO] (modid) 200
[03:34:09] [Timer-2/INFO] (modid) 14
[03:34:10] [Timer-1/INFO] (modid) 200
[03:34:11] [Timer-2/INFO] (modid) 200
[03:34:11] [Timer-2/INFO] (modid) 200
[03:34:11] [Timer-2/INFO] (modid) 14
[03:34:13] [Timer-2/INFO] (modid) 200
[03:34:13] [Timer-2/INFO] (modid) 200
[03:34:13] [Timer-2/INFO] (modid) 14
[03:34:15] [Timer-2/INFO] (modid) 200
[03:34:15] [Timer-2/INFO] (modid) 200
[03:34:15] [Timer-2/INFO] (modid) 12
[03:34:17] [Timer-2/INFO] (modid) 200
[03:34:17] [Timer-2/INFO] (modid) 200
[03:34:17] [Timer-2/INFO] (modid) 13
[03:34:19] [Timer-2/INFO] (modid) 200
[03:34:19] [Timer-2/INFO] (modid) 200
[03:34:19] [Timer-2/INFO] (modid) 11
[03:34:21] [Timer-2/INFO] (modid) 200
[03:34:21] [Timer-2/INFO] (modid) 200
[03:34:21] [Timer-2/INFO] (modid) 11
[03:34:23] [Timer-2/INFO] (modid) 200
[03:34:23] [Timer-2/INFO] (modid) 200
[03:34:23] [Timer-2/INFO] (modid) 11
[03:34:24] [Timer-1/INFO] (modid) 200
[03:34:25] [Timer-2/INFO] (modid) 200
[03:34:25] [Timer-2/INFO] (modid) 200
[03:34:25] [Timer-2/INFO] (modid) 5
[03:34:27] [Timer-2/INFO] (modid) 200
[03:34:27] [Timer-2/INFO] (modid) 200
[03:34:27] [Timer-2/INFO] (modid) 6
[03:34:29] [Timer-2/INFO] (modid) 200
[03:34:29] [Timer-2/INFO] (modid) 200
[03:34:29] [Timer-2/INFO] (modid) 4
[03:34:31] [Timer-2/INFO] (modid) 200
[03:34:31] [Timer-2/INFO] (modid) 200
[03:34:31] [Timer-2/INFO] (modid) 2
[03:34:33] [Timer-2/INFO] (modid) 200
[03:34:33] [Timer-2/INFO] (modid) 200
[03:34:33] [Timer-2/INFO] (modid) 2
[03:34:33] [Server thread/INFO] (Minecraft) Player991 was slain by Spider
[03:34:33] [Render thread/INFO] (Minecraft) [CHAT] Player991 was slain by Spider
[03:34:33] [Render thread/INFO] (Minecraft) Loaded 21 advancements
[03:34:34] [Render thread/WARN] (Minecraft) Duplicate entity UUID c009e7b3-39ff-4be9-b752-d7b3063bb4eb: FallingBlockEntity['Falling Block'/1279, l='ClientLevel', x=-205.50, y=57.02, z=198.50]
[03:34:35] [Timer-2/INFO] (modid) 200
[03:34:35] [Timer-2/INFO] (modid) 200
[03:34:35] [Timer-2/INFO] (modid) 20
[03:34:37] [Timer-2/INFO] (modid) 200
[03:34:37] [Timer-2/INFO] (modid) 200
[03:34:37] [Timer-2/INFO] (modid) 20
[03:34:38] [Timer-1/INFO] (modid) 200
[03:34:39] [Timer-2/INFO] (modid) 200
[03:34:39] [Timer-2/INFO] (modid) 200
[03:34:39] [Timer-2/INFO] (modid) 20
[03:34:41] [Timer-2/INFO] (modid) 200
[03:34:41] [Timer-2/INFO] (modid) 200
[03:34:41] [Timer-2/INFO] (modid) 20
[03:34:41] [Server thread/WARN] (Minecraft) Can't keep up! Is the server overloaded? Running 23928ms or 478 ticks behind
[03:34:43] [Timer-2/INFO] (modid) 200
[03:34:43] [Timer-2/INFO] (modid) 200
[03:34:43] [Timer-2/INFO] (modid) 20
[03:34:45] [Timer-2/INFO] (modid) 200
[03:34:45] [Timer-2/INFO] (modid) 200
[03:34:45] [Timer-2/INFO] (modid) 20
[03:34:47] [Timer-2/INFO] (modid) 200
[03:34:47] [Timer-2/INFO] (modid) 200
[03:34:47] [Timer-2/INFO] (modid) 20
[03:34:49] [Timer-2/INFO] (modid) 200
[03:34:49] [Timer-2/INFO] (modid) 200
[03:34:49] [Timer-2/INFO] (modid) 20
[03:34:51] [Timer-2/INFO] (modid) 200
[03:34:51] [Timer-2/INFO] (modid) 200
[03:34:51] [Timer-2/INFO] (modid) 20
[03:34:52] [Timer-1/INFO] (modid) 200
[03:34:53] [Timer-2/INFO] (modid) 200
[03:34:53] [Timer-2/INFO] (modid) 200
[03:34:53] [Timer-2/INFO] (modid) 20
[03:34:55] [Timer-2/INFO] (modid) 200
[03:34:55] [Timer-2/INFO] (modid) 200
[03:34:55] [Timer-2/INFO] (modid) 20
[03:34:57] [Timer-2/INFO] (modid) 200
[03:34:57] [Timer-2/INFO] (modid) 200
[03:34:57] [Timer-2/INFO] (modid) 20
[03:34:59] [Timer-2/INFO] (modid) 200
[03:34:59] [Timer-2/INFO] (modid) 200
[03:34:59] [Timer-2/INFO] (modid) 20
[03:35:01] [Timer-2/INFO] (modid) 200
[03:35:01] [Timer-2/INFO] (modid) 200
[03:35:01] [Timer-2/INFO] (modid) 20
[03:35:03] [Timer-2/INFO] (modid) 200
[03:35:03] [Timer-2/INFO] (modid) 200
[03:35:03] [Timer-2/INFO] (modid) 20
[03:35:05] [Timer-2/INFO] (modid) 200
[03:35:05] [Timer-2/INFO] (modid) 200
[03:35:05] [Timer-2/INFO] (modid) 20
[03:35:06] [Timer-1/INFO] (modid) 200
[03:35:07] [Timer-2/INFO] (modid) 200
[03:35:07] [Timer-2/INFO] (modid) 200
[03:35:07] [Timer-2/INFO] (modid) 20
[03:35:09] [Timer-2/INFO] (modid) 200
[03:35:09] [Timer-2/INFO] (modid) 200
[03:35:09] [Timer-2/INFO] (modid) 20
[03:35:11] [Timer-2/INFO] (modid) 200
[03:35:11] [Timer-2/INFO] (modid) 200
[03:35:11] [Timer-2/INFO] (modid) 20
[03:35:13] [Timer-2/INFO] (modid) 200
[03:35:13] [Timer-2/INFO] (modid) 200
[03:35:13] [Timer-2/INFO] (modid) 20
[03:35:15] [Timer-2/INFO] (modid) 200
[03:35:15] [Timer-2/INFO] (modid) 200
[03:35:15] [Timer-2/INFO] (modid) 20
[03:35:17] [Timer-2/INFO] (modid) 200
[03:35:17] [Timer-2/INFO] (modid) 200
[03:35:17] [Timer-2/INFO] (modid) 20
[03:35:19] [Timer-2/INFO] (modid) 200
[03:35:19] [Timer-2/INFO] (modid) 200
[03:35:19] [Timer-2/INFO] (modid) 20
[03:35:20] [Timer-1/INFO] (modid) 200
[03:35:21] [Timer-2/INFO] (modid) 200
[03:35:21] [Timer-2/INFO] (modid) 200
[03:35:21] [Timer-2/INFO] (modid) 20
[03:35:23] [Timer-2/INFO] (modid) 200
[03:35:23] [Timer-2/INFO] (modid) 200
[03:35:23] [Timer-2/INFO] (modid) 20
[03:35:25] [Server thread/WARN] (Minecraft) Can't keep up! Is the server overloaded? Running 28618ms or 572 ticks behind
[03:35:25] [Timer-2/INFO] (modid) 200
[03:35:25] [Timer-2/INFO] (modid) 200
[03:35:25] [Timer-2/INFO] (modid) 20
[03:35:27] [Timer-2/INFO] (modid) 200
[03:35:27] [Timer-2/INFO] (modid) 200
[03:35:27] [Timer-2/INFO] (modid) 20
[03:35:29] [Timer-2/INFO] (modid) 200
[03:35:29] [Timer-2/INFO] (modid) 200
[03:35:29] [Timer-2/INFO] (modid) 20
[03:35:31] [Timer-2/INFO] (modid) 200
[03:35:31] [Timer-2/INFO] (modid) 200
[03:35:31] [Timer-2/INFO] (modid) 20
[03:35:33] [Timer-2/INFO] (modid) 200
[03:35:33] [Timer-2/INFO] (modid) 200
[03:35:33] [Timer-2/INFO] (modid) 20
[03:35:34] [Timer-1/INFO] (modid) 200
[03:35:35] [Timer-2/INFO] (modid) 200
[03:35:35] [Timer-2/INFO] (modid) 200
[03:35:35] [Timer-2/INFO] (modid) 20
[03:35:37] [Timer-2/INFO] (modid) 200
[03:35:37] [Timer-2/INFO] (modid) 200
[03:35:37] [Timer-2/INFO] (modid) 20
[03:35:39] [Timer-2/INFO] (modid) 200
[03:35:39] [Timer-2/INFO] (modid) 200
[03:35:39] [Timer-2/INFO] (modid) 20
[03:35:41] [Timer-2/INFO] (modid) 200
[03:35:41] [Timer-2/INFO] (modid) 200
[03:35:41] [Timer-2/INFO] (modid) 20
[03:35:43] [Timer-2/INFO] (modid) 200
[03:35:43] [Timer-2/INFO] (modid) 200
[03:35:43] [Timer-2/INFO] (modid) 20
[03:35:45] [Timer-2/INFO] (modid) 200
[03:35:45] [Timer-2/INFO] (modid) 200
[03:35:45] [Timer-2/INFO] (modid) 20
[03:35:47] [Timer-2/INFO] (modid) 200
[03:35:47] [Timer-2/INFO] (modid) 200
[03:35:47] [Timer-2/INFO] (modid) 20
[03:35:48] [Timer-1/INFO] (modid) 200
[03:35:49] [Timer-2/INFO] (modid) 200
[03:35:49] [Timer-2/INFO] (modid) 200
[03:35:49] [Timer-2/INFO] (modid) 20
[03:35:51] [Timer-2/INFO] (modid) 200
[03:35:51] [Timer-2/INFO] (modid) 200
[03:35:51] [Timer-2/INFO] (modid) 20
[03:35:53] [Timer-2/INFO] (modid) 200
[03:35:53] [Timer-2/INFO] (modid) 200
[03:35:53] [Timer-2/INFO] (modid) 20
[03:35:55] [Timer-2/INFO] (modid) 200
[03:35:55] [Timer-2/INFO] (modid) 200
[03:35:55] [Timer-2/INFO] (modid) 20
[03:35:57] [Timer-2/INFO] (modid) 200
[03:35:57] [Timer-2/INFO] (modid) 200
[03:35:57] [Timer-2/INFO] (modid) 20
[03:35:59] [Timer-2/INFO] (modid) 200
[03:35:59] [Timer-2/INFO] (modid) 200
[03:35:59] [Timer-2/INFO] (modid) 20
[03:36:01] [Timer-2/INFO] (modid) 200
[03:36:01] [Timer-2/INFO] (modid) 200
[03:36:01] [Timer-2/INFO] (modid) 20
[03:36:01] [Server thread/WARN] (Minecraft) Can't keep up! Is the server overloaded? Running 21793ms or 435 ticks behind
[03:36:02] [Timer-1/INFO] (modid) 200
[03:36:03] [Timer-2/INFO] (modid) 200
[03:36:03] [Timer-2/INFO] (modid) 200
[03:36:03] [Timer-2/INFO] (modid) 20
[03:36:05] [Timer-2/INFO] (modid) 200
[03:36:05] [Timer-2/INFO] (modid) 200
[03:36:05] [Timer-2/INFO] (modid) 20
[03:36:07] [Timer-2/INFO] (modid) 200
[03:36:07] [Timer-2/INFO] (modid) 200
[03:36:07] [Timer-2/INFO] (modid) 16
[03:36:09] [Timer-2/INFO] (modid) 200
[03:36:09] [Timer-2/INFO] (modid) 200
[03:36:09] [Timer-2/INFO] (modid) 17
[03:36:11] [Timer-2/INFO] (modid) 200
[03:36:11] [Timer-2/INFO] (modid) 200
[03:36:11] [Timer-2/INFO] (modid) 17
[03:36:13] [Timer-2/INFO] (modid) 200
[03:36:13] [Timer-2/INFO] (modid) 200
[03:36:13] [Timer-2/INFO] (modid) 17
[03:36:15] [Timer-2/INFO] (modid) 200
[03:36:15] [Timer-2/INFO] (modid) 200
[03:36:15] [Timer-2/INFO] (modid) 18
[03:36:16] [Timer-1/INFO] (modid) 200
[03:36:17] [Timer-2/INFO] (modid) 200
[03:36:17] [Timer-2/INFO] (modid) 200
[03:36:17] [Timer-2/INFO] (modid) 18
[03:36:19] [Timer-2/INFO] (modid) 200
[03:36:19] [Timer-2/INFO] (modid) 200
[03:36:19] [Timer-2/INFO] (modid) 18
[03:36:21] [Timer-2/INFO] (modid) 200
[03:36:21] [Timer-2/INFO] (modid) 200
[03:36:21] [Timer-2/INFO] (modid) 18
[03:36:23] [Timer-2/INFO] (modid) 200
[03:36:23] [Timer-2/INFO] (modid) 200
[03:36:23] [Timer-2/INFO] (modid) 18
[03:36:25] [Timer-2/INFO] (modid) 200
[03:36:25] [Timer-2/INFO] (modid) 200
[03:36:25] [Timer-2/INFO] (modid) 18
[03:36:27] [Render thread/WARN] (Minecraft) Duplicate entity UUID c009e7b3-39ff-4be9-b752-d7b3063bb4eb: FallingBlockEntity['Falling Block'/1279, l='ClientLevel', x=-205.50, y=57.02, z=198.50]
[03:36:27] [Timer-2/INFO] (modid) 200
[03:36:27] [Timer-2/INFO] (modid) 200
[03:36:27] [Timer-2/INFO] (modid) 18
[03:36:29] [Timer-2/INFO] (modid) 200
[03:36:29] [Timer-2/INFO] (modid) 200
[03:36:29] [Timer-2/INFO] (modid) 18
[03:36:30] [Timer-1/INFO] (modid) 200
[03:36:31] [Timer-2/INFO] (modid) 200
[03:36:31] [Timer-2/INFO] (modid) 200
[03:36:31] [Timer-2/INFO] (modid) 19
[03:36:33] [Timer-2/INFO] (modid) 200
[03:36:33] [Timer-2/INFO] (modid) 200
[03:36:33] [Timer-2/INFO] (modid) 19
[03:36:35] [Timer-2/INFO] (modid) 200
[03:36:35] [Timer-2/INFO] (modid) 200
[03:36:35] [Timer-2/INFO] (modid) 19
[03:36:37] [Timer-2/INFO] (modid) 200
[03:36:37] [Timer-2/INFO] (modid) 200
[03:36:37] [Timer-2/INFO] (modid) 19
[03:36:39] [Timer-2/INFO] (modid) 200
[03:36:39] [Timer-2/INFO] (modid) 200
[03:36:39] [Timer-2/INFO] (modid) 19
[03:36:41] [Timer-2/INFO] (modid) 200
[03:36:41] [Timer-2/INFO] (modid) 200
[03:36:41] [Timer-2/INFO] (modid) 16
[03:36:43] [Timer-2/INFO] (modid) 200
[03:36:43] [Timer-2/INFO] (modid) 200
[03:36:43] [Timer-2/INFO] (modid) 16
[03:36:44] [Timer-1/INFO] (modid) 200
[03:36:44] [Server thread/WARN] (Minecraft) Can't keep up! Is the server overloaded? Running 27970ms or 559 ticks behind
[03:36:45] [Timer-2/INFO] (modid) 200
[03:36:45] [Timer-2/INFO] (modid) 200
[03:36:45] [Timer-2/INFO] (modid) 12
[03:36:47] [Timer-2/INFO] (modid) 200
[03:36:47] [Timer-2/INFO] (modid) 200
[03:36:47] [Timer-2/INFO] (modid) 12
[03:36:49] [Timer-2/INFO] (modid) 200
[03:36:49] [Timer-2/INFO] (modid) 200
[03:36:49] [Timer-2/INFO] (modid) 12
[03:36:51] [Timer-2/INFO] (modid) 200
[03:36:51] [Timer-2/INFO] (modid) 200
[03:36:51] [Timer-2/INFO] (modid) 12
[03:36:53] [Timer-2/INFO] (modid) 200
[03:36:53] [Timer-2/INFO] (modid) 200
[03:36:53] [Timer-2/INFO] (modid) 12
[03:36:55] [Timer-2/INFO] (modid) 200
[03:36:55] [Timer-2/INFO] (modid) 200
[03:36:55] [Timer-2/INFO] (modid) 8
[03:36:57] [Server thread/INFO] (Minecraft) Player991 was blown up by Creeper
[03:36:57] [Render thread/INFO] (Minecraft) [CHAT] Player991 was blown up by Creeper
[03:36:57] [Timer-2/INFO] (modid) 200
[03:36:57] [Timer-2/INFO] (modid) 200
[03:36:57] [Timer-2/INFO] (modid) 8
[03:36:58] [Timer-1/INFO] (modid) 200
[03:36:59] [Timer-2/INFO] (modid) 200
[03:36:59] [Timer-2/INFO] (modid) 200
[03:36:59] [Timer-2/INFO] (modid) 0
[03:37:01] [Timer-2/INFO] (modid) 200
[03:37:01] [Timer-2/INFO] (modid) 200
[03:37:01] [Timer-2/INFO] (modid) 0
[03:37:03] [Timer-2/INFO] (modid) 200
[03:37:03] [Timer-2/INFO] (modid) 200
[03:37:03] [Timer-2/INFO] (modid) 0
[03:37:05] [Timer-2/INFO] (modid) 200
[03:37:05] [Timer-2/INFO] (modid) 200
[03:37:05] [Timer-2/INFO] (modid) 20
[03:37:07] [Timer-2/INFO] (modid) 200
[03:37:07] [Timer-2/INFO] (modid) 200
[03:37:07] [Timer-2/INFO] (modid) 20
[03:37:09] [Timer-2/INFO] (modid) 200
[03:37:09] [Timer-2/INFO] (modid) 200
[03:37:09] [Timer-2/INFO] (modid) 20
[03:37:11] [Timer-2/INFO] (modid) 200
[03:37:11] [Timer-2/INFO] (modid) 200
[03:37:11] [Timer-2/INFO] (modid) 20
[03:37:12] [Timer-1/INFO] (modid) 200
[03:37:13] [Timer-2/INFO] (modid) 200
[03:37:13] [Timer-2/INFO] (modid) 200
[03:37:13] [Timer-2/INFO] (modid) 20
[03:37:14] [Server thread/WARN] (Minecraft) Can't keep up! Is the server overloaded? Running 14812ms or 296 ticks behind
[03:37:15] [Timer-2/INFO] (modid) 200
[03:37:15] [Timer-2/INFO] (modid) 200
[03:37:15] [Timer-2/INFO] (modid) 20
[03:37:17] [Timer-2/INFO] (modid) 200
[03:37:17] [Timer-2/INFO] (modid) 200
[03:37:17] [Timer-2/INFO] (modid) 20
[03:37:19] [Timer-2/INFO] (modid) 200
[03:37:19] [Timer-2/INFO] (modid) 200
[03:37:19] [Timer-2/INFO] (modid) 20
[03:37:21] [Timer-2/INFO] (modid) 200
[03:37:21] [Timer-2/INFO] (modid) 200
[03:37:21] [Timer-2/INFO] (modid) 20
[03:37:23] [Timer-2/INFO] (modid) 200
[03:37:23] [Timer-2/INFO] (modid) 200
[03:37:23] [Timer-2/INFO] (modid) 20
[03:37:25] [Timer-2/INFO] (modid) 200
[03:37:25] [Timer-2/INFO] (modid) 200
[03:37:25] [Timer-2/INFO] (modid) 20
[03:37:26] [Timer-1/INFO] (modid) 200
[03:37:27] [Timer-2/INFO] (modid) 200
[03:37:27] [Timer-2/INFO] (modid) 200
[03:37:27] [Timer-2/INFO] (modid) 20
[03:37:29] [Timer-2/INFO] (modid) 200
[03:37:29] [Timer-2/INFO] (modid) 200
[03:37:29] [Timer-2/INFO] (modid) 20
[03:37:31] [Timer-2/INFO] (modid) 200
[03:37:31] [Timer-2/INFO] (modid) 200
[03:37:31] [Timer-2/INFO] (modid) 20
[03:37:33] [Timer-2/INFO] (modid) 200
[03:37:33] [Timer-2/INFO] (modid) 200
[03:37:33] [Timer-2/INFO] (modid) 20
[03:37:34] [Server thread/WARN] (Minecraft) Can't keep up! Is the server overloaded? Running 5073ms or 101 ticks behind
[03:37:35] [Timer-2/INFO] (modid) 200
[03:37:35] [Timer-2/INFO] (modid) 200
[03:37:35] [Timer-2/INFO] (modid) 20
[03:37:37] [Timer-2/INFO] (modid) 200
[03:37:37] [Timer-2/INFO] (modid) 200
[03:37:37] [Timer-2/INFO] (modid) 20
[03:37:39] [Timer-2/INFO] (modid) 200
[03:37:39] [Timer-2/INFO] (modid) 200
[03:37:39] [Timer-2/INFO] (modid) 20
[03:37:40] [Timer-1/INFO] (modid) 200
[03:37:41] [Timer-2/INFO] (modid) 200
[03:37:41] [Timer-2/INFO] (modid) 200
[03:37:41] [Timer-2/INFO] (modid) 20
[03:37:43] [Timer-2/INFO] (modid) 200
[03:37:43] [Timer-2/INFO] (modid) 200
[03:37:43] [Timer-2/INFO] (modid) 20
[03:37:45] [Timer-2/INFO] (modid) 200
[03:37:45] [Timer-2/INFO] (modid) 200
[03:37:45] [Timer-2/INFO] (modid) 20
[03:37:47] [Timer-2/INFO] (modid) 200
[03:37:47] [Timer-2/INFO] (modid) 200
[03:37:47] [Timer-2/INFO] (modid) 20
[03:37:49] [Timer-2/INFO] (modid) 200
[03:37:49] [Timer-2/INFO] (modid) 200
[03:37:49] [Timer-2/INFO] (modid) 20
[03:37:51] [Timer-2/INFO] (modid) 200
[03:37:51] [Timer-2/INFO] (modid) 200
[03:37:51] [Timer-2/INFO] (modid) 20
[03:37:53] [Timer-2/INFO] (modid) 200
[03:37:53] [Timer-2/INFO] (modid) 200
[03:37:53] [Timer-2/INFO] (modid) 20
[03:37:54] [Timer-1/INFO] (modid) 200
[03:37:55] [Timer-2/INFO] (modid) 200
[03:37:55] [Timer-2/INFO] (modid) 200
[03:37:55] [Timer-2/INFO] (modid) 20
[03:37:57] [Timer-2/INFO] (modid) 200
[03:37:57] [Timer-2/INFO] (modid) 200
[03:37:57] [Timer-2/INFO] (modid) 20
[03:37:59] [Timer-2/INFO] (modid) 200
[03:37:59] [Timer-2/INFO] (modid) 200
[03:37:59] [Timer-2/INFO] (modid) 20
[03:37:59] [Server thread/WARN] (Minecraft) Can't keep up! Is the server overloaded? Running 10287ms or 205 ticks behind
[03:38:01] [Timer-2/INFO] (modid) 200
[03:38:01] [Timer-2/INFO] (modid) 200
[03:38:01] [Timer-2/INFO] (modid) 20
[03:38:03] [Timer-2/INFO] (modid) 200
[03:38:03] [Timer-2/INFO] (modid) 200
[03:38:03] [Timer-2/INFO] (modid) 20
[03:38:05] [Timer-2/INFO] (modid) 200
[03:38:05] [Timer-2/INFO] (modid) 200
[03:38:05] [Timer-2/INFO] (modid) 20
[03:38:07] [Timer-2/INFO] (modid) 200
[03:38:07] [Timer-2/INFO] (modid) 200
[03:38:07] [Timer-2/INFO] (modid) 20
[03:38:08] [Timer-1/INFO] (modid) 200
[03:38:09] [Timer-2/INFO] (modid) 200
[03:38:09] [Timer-2/INFO] (modid) 200
[03:38:09] [Timer-2/INFO] (modid) 20
[03:38:11] [Timer-2/INFO] (modid) 200
[03:38:11] [Timer-2/INFO] (modid) 200
[03:38:11] [Timer-2/INFO] (modid) 20
[03:38:13] [Timer-2/INFO] (modid) 200
[03:38:13] [Timer-2/INFO] (modid) 200
[03:38:13] [Timer-2/INFO] (modid) 20
[03:38:15] [Timer-2/INFO] (modid) 200
[03:38:15] [Timer-2/INFO] (modid) 200
[03:38:15] [Timer-2/INFO] (modid) 20
[03:38:17] [Timer-2/INFO] (modid) 200
[03:38:17] [Timer-2/INFO] (modid) 200
[03:38:17] [Timer-2/INFO] (modid) 20
[03:38:19] [Timer-2/INFO] (modid) 200
[03:38:19] [Timer-2/INFO] (modid) 200
[03:38:19] [Timer-2/INFO] (modid) 20
[03:38:21] [Timer-2/INFO] (modid) 200
[03:38:21] [Timer-2/INFO] (modid) 200
[03:38:21] [Timer-2/INFO] (modid) 20
[03:38:22] [Timer-1/INFO] (modid) 200
[03:38:23] [Timer-2/INFO] (modid) 200
[03:38:23] [Timer-2/INFO] (modid) 200
[03:38:23] [Timer-2/INFO] (modid) 20
[03:38:25] [Timer-2/INFO] (modid) 200
[03:38:25] [Timer-2/INFO] (modid) 200
[03:38:25] [Timer-2/INFO] (modid) 20
[03:38:26] [Server thread/WARN] (Minecraft) Can't keep up! Is the server overloaded? Running 11548ms or 230 ticks behind
[03:38:27] [Timer-2/INFO] (modid) 200
[03:38:27] [Timer-2/INFO] (modid) 200
[03:38:27] [Timer-2/INFO] (modid) 20
[03:38:29] [Timer-2/INFO] (modid) 200
[03:38:29] [Timer-2/INFO] (modid) 200
[03:38:29] [Timer-2/INFO] (modid) 20
[03:38:31] [Timer-2/INFO] (modid) 200
[03:38:31] [Timer-2/INFO] (modid) 200
[03:38:31] [Timer-2/INFO] (modid) 20
[03:38:33] [Timer-2/INFO] (modid) 200
[03:38:33] [Timer-2/INFO] (modid) 200
[03:38:33] [Timer-2/INFO] (modid) 20
[03:38:35] [Timer-2/INFO] (modid) 200
[03:38:35] [Timer-2/INFO] (modid) 200
[03:38:35] [Timer-2/INFO] (modid) 20
[03:38:36] [Timer-1/INFO] (modid) 200
[03:38:37] [Timer-2/INFO] (modid) 200
[03:38:37] [Timer-2/INFO] (modid) 200
[03:38:37] [Timer-2/INFO] (modid) 20
